Traceback (most recent call last):
  File "/opt/hostedtoolcache/Python/3.9.12/x64/lib/python3.9/site-packages/jupyter_cache/executors/utils.py", line 51, in single_nb_execution
    executenb(
  File "/opt/hostedtoolcache/Python/3.9.12/x64/lib/python3.9/site-packages/nbclient/client.py", line 1204, in execute
    return NotebookClient(nb=nb, resources=resources, km=km, **kwargs).execute()
  File "/opt/hostedtoolcache/Python/3.9.12/x64/lib/python3.9/site-packages/nbclient/util.py", line 84, in wrapped
    return just_run(coro(*args, **kwargs))
  File "/opt/hostedtoolcache/Python/3.9.12/x64/lib/python3.9/site-packages/nbclient/util.py", line 62, in just_run
    return loop.run_until_complete(coro)
  File "/opt/hostedtoolcache/Python/3.9.12/x64/lib/python3.9/asyncio/base_events.py", line 647, in run_until_complete
    return future.result()
  File "/opt/hostedtoolcache/Python/3.9.12/x64/lib/python3.9/site-packages/nbclient/client.py", line 663, in async_execute
    await self.async_execute_cell(
  File "/opt/hostedtoolcache/Python/3.9.12/x64/lib/python3.9/site-packages/nbclient/client.py", line 965, in async_execute_cell
    await self._check_raise_for_error(cell, cell_index, exec_reply)
  File "/opt/hostedtoolcache/Python/3.9.12/x64/lib/python3.9/site-packages/nbclient/client.py", line 862, in _check_raise_for_error
    raise CellExecutionError.from_cell_and_msg(cell, exec_reply_content)
nbclient.exceptions.CellExecutionError: An error occurred while executing the following cell:
------------------
from IPython.display import Video
from medusa.data import get_example_video

vid = get_example_video()
Video(vid)
------------------

[0;31m---------------------------------------------------------------------------[0m
[0;31mAttributeError[0m                            Traceback (most recent call last)
File [0;32m/opt/hostedtoolcache/Python/3.9.12/x64/lib/python3.9/site-packages/pyglet/__init__.py:336[0m, in [0;36m_ModuleProxy.__getattr__[0;34m(self, name)[0m
[1;32m    335[0m [38;5;28;01mtry[39;00m:
[0;32m--> 336[0m     [38;5;28;01mreturn[39;00m [38;5;28;43mgetattr[39;49m[43m([49m[38;5;28;43mself[39;49m[38;5;241;43m.[39;49m[43m_module[49m[43m,[49m[43m [49m[43mname[49m[43m)[49m
[1;32m    337[0m [38;5;28;01mexcept[39;00m [38;5;167;01mAttributeError[39;00m:

[0;31mAttributeError[0m: 'NoneType' object has no attribute 'Window'

During handling of the above exception, another exception occurred:

[0;31mAttributeError[0m                            Traceback (most recent call last)
File [0;32m/opt/hostedtoolcache/Python/3.9.12/x64/lib/python3.9/site-packages/pyglet/__init__.py:336[0m, in [0;36m_ModuleProxy.__getattr__[0;34m(self, name)[0m
[1;32m    335[0m [38;5;28;01mtry[39;00m:
[0;32m--> 336[0m     [38;5;28;01mreturn[39;00m [38;5;28;43mgetattr[39;49m[43m([49m[38;5;28;43mself[39;49m[38;5;241;43m.[39;49m[43m_module[49m[43m,[49m[43m [49m[43mname[49m[43m)[49m
[1;32m    337[0m [38;5;28;01mexcept[39;00m [38;5;167;01mAttributeError[39;00m:

[0;31mAttributeError[0m: 'NoneType' object has no attribute '_create_shadow_window'

During handling of the above exception, another exception occurred:

[0;31mImportError[0m                               Traceback (most recent call last)
Input [0;32mIn [1][0m, in [0;36m<cell line: 2>[0;34m()[0m
[1;32m      1[0m [38;5;28;01mfrom[39;00m [38;5;21;01mIPython[39;00m[38;5;21;01m.[39;00m[38;5;21;01mdisplay[39;00m [38;5;28;01mimport[39;00m Video
[0;32m----> 2[0m [38;5;28;01mfrom[39;00m [38;5;21;01mmedusa[39;00m[38;5;21;01m.[39;00m[38;5;21;01mdata[39;00m [38;5;28;01mimport[39;00m get_example_video
[1;32m      4[0m vid [38;5;241m=[39m get_example_video()
[1;32m      5[0m Video(vid)

File [0;32m/opt/hostedtoolcache/Python/3.9.12/x64/lib/python3.9/site-packages/medusa/data/__init__.py:11[0m, in [0;36m<module>[0;34m[0m
[1;32m      9[0m [38;5;28;01mimport[39;00m [38;5;21;01mcv2[39;00m
[1;32m     10[0m [38;5;28;01mfrom[39;00m [38;5;21;01mpathlib[39;00m [38;5;28;01mimport[39;00m Path
[0;32m---> 11[0m [38;5;28;01mfrom[39;00m [38;5;21;01m.[39;00m[38;5;21;01m.[39;00m[38;5;21;01mcore[39;00m [38;5;28;01mimport[39;00m load_h5
[1;32m     14[0m [38;5;28;01mdef[39;00m [38;5;21mget_example_frame[39m():
[1;32m     15[0m     [38;5;124;03m"""Loads an example frame from the example video.[39;00m
[1;32m     16[0m [38;5;124;03m    [39;00m
[1;32m     17[0m [38;5;124;03m    Parameters[39;00m
[0;32m   (...)[0m
[1;32m     29[0m [38;5;124;03m    >>> img = get_example_frame()[39;00m
[1;32m     30[0m [38;5;124;03m    """[39;00m

File [0;32m/opt/hostedtoolcache/Python/3.9.12/x64/lib/python3.9/site-packages/medusa/core.py:35[0m, in [0;36m<module>[0;34m[0m
[1;32m     32[0m [38;5;28;01mfrom[39;00m [38;5;21;01mtrimesh[39;00m[38;5;21;01m.[39;00m[38;5;21;01mtransformations[39;00m [38;5;28;01mimport[39;00m decompose_matrix, compose_matrix
[1;32m     34[0m [38;5;28;01mfrom[39;00m [38;5;21;01m.[39;00m[38;5;21;01mutils[39;00m [38;5;28;01mimport[39;00m get_logger
[0;32m---> 35[0m [38;5;28;01mfrom[39;00m [38;5;21;01m.[39;00m[38;5;21;01mrender[39;00m [38;5;28;01mimport[39;00m Renderer
[1;32m     38[0m [38;5;28;01mclass[39;00m [38;5;21;01mBaseData[39;00m:
[1;32m     39[0m     [38;5;124;03m"""Base Data class with attributes and methods common to all Data[39;00m
[1;32m     40[0m [38;5;124;03m    classes (such as ``FlameData``, ``MediapipeData``, etc.).[39;00m
[1;32m     41[0m 
[0;32m   (...)[0m
[1;32m     73[0m [38;5;124;03m        loading one from disk), this should be `None`[39;00m
[1;32m     74[0m [38;5;124;03m    """[39;00m

File [0;32m/opt/hostedtoolcache/Python/3.9.12/x64/lib/python3.9/site-packages/medusa/render.py:11[0m, in [0;36m<module>[0;34m[0m
[1;32m      9[0m [38;5;28;01mimport[39;00m [38;5;21;01mnumpy[39;00m [38;5;28;01mas[39;00m [38;5;21;01mnp[39;00m
[1;32m     10[0m [38;5;28;01mfrom[39;00m [38;5;21;01mtrimesh[39;00m [38;5;28;01mimport[39;00m Trimesh
[0;32m---> 11[0m [38;5;28;01mfrom[39;00m [38;5;21;01mpyrender[39;00m[38;5;21;01m.[39;00m[38;5;21;01mconstants[39;00m [38;5;28;01mimport[39;00m RenderFlags
[1;32m     12[0m [38;5;28;01mfrom[39;00m [38;5;21;01mpyrender[39;00m [38;5;28;01mimport[39;00m Scene, Mesh, Node, OffscreenRenderer
[1;32m     13[0m [38;5;28;01mfrom[39;00m [38;5;21;01mpyrender[39;00m [38;5;28;01mimport[39;00m DirectionalLight, IntrinsicsCamera, OrthographicCamera

File [0;32m/opt/hostedtoolcache/Python/3.9.12/x64/lib/python3.9/site-packages/pyrender/__init__.py:12[0m, in [0;36m<module>[0;34m[0m
[1;32m     10[0m [38;5;28;01mfrom[39;00m [38;5;21;01m.[39;00m[38;5;21;01mscene[39;00m [38;5;28;01mimport[39;00m Scene
[1;32m     11[0m [38;5;28;01mfrom[39;00m [38;5;21;01m.[39;00m[38;5;21;01mrenderer[39;00m [38;5;28;01mimport[39;00m Renderer
[0;32m---> 12[0m [38;5;28;01mfrom[39;00m [38;5;21;01m.[39;00m[38;5;21;01mviewer[39;00m [38;5;28;01mimport[39;00m Viewer
[1;32m     13[0m [38;5;28;01mfrom[39;00m [38;5;21;01m.[39;00m[38;5;21;01moffscreen[39;00m [38;5;28;01mimport[39;00m OffscreenRenderer
[1;32m     14[0m [38;5;28;01mfrom[39;00m [38;5;21;01m.[39;00m[38;5;21;01mversion[39;00m [38;5;28;01mimport[39;00m __version__

File [0;32m/opt/hostedtoolcache/Python/3.9.12/x64/lib/python3.9/site-packages/pyrender/viewer.py:38[0m, in [0;36m<module>[0;34m[0m
[1;32m     34[0m [38;5;28;01mfrom[39;00m [38;5;21;01mpyglet[39;00m [38;5;28;01mimport[39;00m clock
[1;32m     35[0m pyglet[38;5;241m.[39moptions[[38;5;124m'[39m[38;5;124mshadow_window[39m[38;5;124m'[39m] [38;5;241m=[39m [38;5;28;01mFalse[39;00m
[0;32m---> 38[0m [38;5;28;01mclass[39;00m [38;5;21;01mViewer[39;00m([43mpyglet[49m[38;5;241;43m.[39;49m[43mwindow[49m[38;5;241;43m.[39;49m[43mWindow[49m):
[1;32m     39[0m     [38;5;124;03m"""An interactive viewer for 3D scenes.[39;00m
[1;32m     40[0m 
[1;32m     41[0m [38;5;124;03m    The viewer's camera is separate from the scene's, but will take on[39;00m
[0;32m   (...)[0m
[1;32m    173[0m [38;5;124;03m    :attr:`.Viewer.render_lock`, and release it  when your update is done.[39;00m
[1;32m    174[0m [38;5;124;03m    """[39;00m
[1;32m    176[0m     [38;5;28;01mdef[39;00m [38;5;21m__init__[39m([38;5;28mself[39m, scene, viewport_size[38;5;241m=[39m[38;5;28;01mNone[39;00m,
[1;32m    177[0m                  render_flags[38;5;241m=[39m[38;5;28;01mNone[39;00m, viewer_flags[38;5;241m=[39m[38;5;28;01mNone[39;00m,
[1;32m    178[0m                  registered_keys[38;5;241m=[39m[38;5;28;01mNone[39;00m, run_in_thread[38;5;241m=[39m[38;5;28;01mFalse[39;00m, [38;5;241m*[39m[38;5;241m*[39mkwargs):
[0;32m   (...)[0m
[1;32m    181[0m         [38;5;66;03m# Save attributes and flags[39;00m
[1;32m    182[0m         [38;5;66;03m#######################################################################[39;00m

File [0;32m/opt/hostedtoolcache/Python/3.9.12/x64/lib/python3.9/site-packages/pyglet/__init__.py:342[0m, in [0;36m_ModuleProxy.__getattr__[0;34m(self, name)[0m
[1;32m    339[0m     [38;5;28;01mraise[39;00m
[1;32m    341[0m import_name [38;5;241m=[39m [38;5;124m'[39m[38;5;124mpyglet.[39m[38;5;132;01m%s[39;00m[38;5;124m'[39m [38;5;241m%[39m [38;5;28mself[39m[38;5;241m.[39m_module_name
[0;32m--> 342[0m [38;5;28;43m__import__[39;49m[43m([49m[43mimport_name[49m[43m)[49m
[1;32m    343[0m module [38;5;241m=[39m sys[38;5;241m.[39mmodules[import_name]
[1;32m    344[0m [38;5;28mobject[39m[38;5;241m.[39m[38;5;21m__setattr__[39m([38;5;28mself[39m, [38;5;124m'[39m[38;5;124m_module[39m[38;5;124m'[39m, module)

File [0;32m/opt/hostedtoolcache/Python/3.9.12/x64/lib/python3.9/site-packages/pyglet/window/__init__.py:1918[0m, in [0;36m<module>[0;34m[0m
[1;32m   1916[0m [38;5;28;01mif[39;00m [38;5;129;01mnot[39;00m _is_pyglet_doc_run:
[1;32m   1917[0m     pyglet[38;5;241m.[39mwindow [38;5;241m=[39m sys[38;5;241m.[39mmodules[[38;5;18m__name__[39m]
[0;32m-> 1918[0m     [43mgl[49m[38;5;241;43m.[39;49m[43m_create_shadow_window[49m()

File [0;32m/opt/hostedtoolcache/Python/3.9.12/x64/lib/python3.9/site-packages/pyglet/__init__.py:342[0m, in [0;36m_ModuleProxy.__getattr__[0;34m(self, name)[0m
[1;32m    339[0m     [38;5;28;01mraise[39;00m
[1;32m    341[0m import_name [38;5;241m=[39m [38;5;124m'[39m[38;5;124mpyglet.[39m[38;5;132;01m%s[39;00m[38;5;124m'[39m [38;5;241m%[39m [38;5;28mself[39m[38;5;241m.[39m_module_name
[0;32m--> 342[0m [38;5;28;43m__import__[39;49m[43m([49m[43mimport_name[49m[43m)[49m
[1;32m    343[0m module [38;5;241m=[39m sys[38;5;241m.[39mmodules[import_name]
[1;32m    344[0m [38;5;28mobject[39m[38;5;241m.[39m[38;5;21m__setattr__[39m([38;5;28mself[39m, [38;5;124m'[39m[38;5;124m_module[39m[38;5;124m'[39m, module)

File [0;32m/opt/hostedtoolcache/Python/3.9.12/x64/lib/python3.9/site-packages/pyglet/gl/__init__.py:95[0m, in [0;36m<module>[0;34m[0m
[1;32m      1[0m [38;5;66;03m# ----------------------------------------------------------------------------[39;00m
[1;32m      2[0m [38;5;66;03m# pyglet[39;00m
[1;32m      3[0m [38;5;66;03m# Copyright (c) 2006-2008 Alex Holkner[39;00m
[0;32m   (...)[0m
[1;32m     33[0m [38;5;66;03m# POSSIBILITY OF SUCH DAMAGE.[39;00m
[1;32m     34[0m [38;5;66;03m# ----------------------------------------------------------------------------[39;00m
[1;32m     36[0m [38;5;124;03m"""OpenGL and GLU interface.[39;00m
[1;32m     37[0m 
[1;32m     38[0m [38;5;124;03mThis package imports all OpenGL, GLU and registered OpenGL extension[39;00m
[0;32m   (...)[0m
[1;32m     92[0m [38;5;124;03mbelow.[39;00m
[1;32m     93[0m [38;5;124;03m"""[39;00m
[0;32m---> 95[0m [38;5;28;01mfrom[39;00m [38;5;21;01mpyglet[39;00m[38;5;21;01m.[39;00m[38;5;21;01mgl[39;00m[38;5;21;01m.[39;00m[38;5;21;01mgl[39;00m [38;5;28;01mimport[39;00m [38;5;241m*[39m
[1;32m     96[0m [38;5;28;01mfrom[39;00m [38;5;21;01mpyglet[39;00m[38;5;21;01m.[39;00m[38;5;21;01mgl[39;00m[38;5;21;01m.[39;00m[38;5;21;01mglu[39;00m [38;5;28;01mimport[39;00m [38;5;241m*[39m
[1;32m     97[0m [38;5;28;01mfrom[39;00m [38;5;21;01mpyglet[39;00m[38;5;21;01m.[39;00m[38;5;21;01mgl[39;00m[38;5;21;01m.[39;00m[38;5;21;01mlib[39;00m [38;5;28;01mimport[39;00m GLException

File [0;32m/opt/hostedtoolcache/Python/3.9.12/x64/lib/python3.9/site-packages/pyglet/gl/gl.py:45[0m, in [0;36m<module>[0;34m[0m
[1;32m     42[0m __version__ [38;5;241m=[39m [38;5;124m'[39m[38;5;124m$Id$[39m[38;5;124m'[39m
[1;32m     44[0m [38;5;28;01mfrom[39;00m [38;5;21;01mctypes[39;00m [38;5;28;01mimport[39;00m [38;5;241m*[39m
[0;32m---> 45[0m [38;5;28;01mfrom[39;00m [38;5;21;01mpyglet[39;00m[38;5;21;01m.[39;00m[38;5;21;01mgl[39;00m[38;5;21;01m.[39;00m[38;5;21;01mlib[39;00m [38;5;28;01mimport[39;00m link_GL [38;5;28;01mas[39;00m _link_function
[1;32m     46[0m [38;5;28;01mfrom[39;00m [38;5;21;01mpyglet[39;00m[38;5;21;01m.[39;00m[38;5;21;01mgl[39;00m[38;5;21;01m.[39;00m[38;5;21;01mlib[39;00m [38;5;28;01mimport[39;00m c_ptrdiff_t
[1;32m     48[0m [38;5;66;03m# BEGIN GENERATED CONTENT (do not edit below this line)[39;00m
[1;32m     49[0m 
[1;32m     50[0m [38;5;66;03m# This content is generated by tools/gengl.py.[39;00m
[1;32m     51[0m [38;5;66;03m# Wrapper for /usr/include/GL/gl.h[39;00m

File [0;32m/opt/hostedtoolcache/Python/3.9.12/x64/lib/python3.9/site-packages/pyglet/gl/lib.py:149[0m, in [0;36m<module>[0;34m[0m
[1;32m    147[0m     [38;5;28;01mfrom[39;00m [38;5;21;01mpyglet[39;00m[38;5;21;01m.[39;00m[38;5;21;01mgl[39;00m[38;5;21;01m.[39;00m[38;5;21;01mlib_agl[39;00m [38;5;28;01mimport[39;00m link_GL, link_GLU, link_AGL
[1;32m    148[0m [38;5;28;01melse[39;00m:
[0;32m--> 149[0m     [38;5;28;01mfrom[39;00m [38;5;21;01mpyglet[39;00m[38;5;21;01m.[39;00m[38;5;21;01mgl[39;00m[38;5;21;01m.[39;00m[38;5;21;01mlib_glx[39;00m [38;5;28;01mimport[39;00m link_GL, link_GLU, link_GLX

File [0;32m/opt/hostedtoolcache/Python/3.9.12/x64/lib/python3.9/site-packages/pyglet/gl/lib_glx.py:46[0m, in [0;36m<module>[0;34m[0m
[1;32m     43[0m __all__ [38;5;241m=[39m [[38;5;124m'[39m[38;5;124mlink_GL[39m[38;5;124m'[39m, [38;5;124m'[39m[38;5;124mlink_GLU[39m[38;5;124m'[39m, [38;5;124m'[39m[38;5;124mlink_GLX[39m[38;5;124m'[39m]
[1;32m     45[0m gl_lib [38;5;241m=[39m pyglet[38;5;241m.[39mlib[38;5;241m.[39mload_library([38;5;124m'[39m[38;5;124mGL[39m[38;5;124m'[39m)
[0;32m---> 46[0m glu_lib [38;5;241m=[39m [43mpyglet[49m[38;5;241;43m.[39;49m[43mlib[49m[38;5;241;43m.[39;49m[43mload_library[49m[43m([49m[38;5;124;43m'[39;49m[38;5;124;43mGLU[39;49m[38;5;124;43m'[39;49m[43m)[49m
[1;32m     48[0m [38;5;66;03m# Look for glXGetProcAddressARB extension, use it as fallback (for ATI fglrx and DRI drivers).[39;00m
[1;32m     49[0m [38;5;28;01mtry[39;00m:

File [0;32m/opt/hostedtoolcache/Python/3.9.12/x64/lib/python3.9/site-packages/pyglet/lib.py:168[0m, in [0;36mLibraryLoader.load_library[0;34m(self, *names, **kwargs)[0m
[1;32m    165[0m             [38;5;28;01mif[39;00m _debug_lib:
[1;32m    166[0m                 [38;5;28mprint[39m([38;5;124mf[39m[38;5;124m"[39m[38;5;124mUnexpected error loading library [39m[38;5;132;01m{[39;00mname[38;5;132;01m}[39;00m[38;5;124m: [39m[38;5;132;01m{[39;00m[38;5;28mstr[39m(o)[38;5;132;01m}[39;00m[38;5;124m"[39m)
[0;32m--> 168[0m [38;5;28;01mraise[39;00m [38;5;167;01mImportError[39;00m([38;5;124m'[39m[38;5;124mLibrary [39m[38;5;124m"[39m[38;5;132;01m%s[39;00m[38;5;124m"[39m[38;5;124m not found.[39m[38;5;124m'[39m [38;5;241m%[39m names[[38;5;241m0[39m])

[0;31mImportError[0m: Library "GLU" not found.
ImportError: Library "GLU" not found.

